<?xml version="1.0" encoding="UTF-8"?>
<!-- Generated by org.testng.reporters.JUnitReportReporter -->
<testsuite skipped="0" hostname="DESKTOP-DT1HFES" name="easemytripHoteltestrunner.MainHotelRunner" tests="19" failures="0" timestamp="11 Aug 2020 09:55:05 GMT" time="67.079" errors="0">
  <testcase name="SearchHotels" time="22.004" classname="easemytripHoteltestrunner.MainHotelRunner"/>
  <testcase name="SearchHotels" time="17.587" classname="easemytripHoteltestrunner.MainHotelRunner"/>
  <testcase name="clickeasybtn" time="0.288" classname="easemytripHoteltestrunner.MainHotelRunner"/>
  <testcase name="clickluxeasybtn" time="0.328" classname="easemytripHoteltestrunner.MainHotelRunner"/>
  <testcase name="clickbrowseall" time="4.205" classname="easemytripHoteltestrunner.MainHotelRunner"/>
  <testcase name="chcktripadvisor" time="6.601" classname="easemytripHoteltestrunner.MainHotelRunner"/>
  <testcase name="chckamenities" time="4.207" classname="easemytripHoteltestrunner.MainHotelRunner"/>
  <testcase name="listpagebooknow" time="0.258" classname="easemytripHoteltestrunner.MainHotelRunner"/>
  <testcase name="clickonshowallamenities" time="0.202" classname="easemytripHoteltestrunner.MainHotelRunner"/>
  <testcase name="scrolltoreviews" time="3.043" classname="easemytripHoteltestrunner.MainHotelRunner"/>
  <testcase name="clickonbooknow" time="0.149" classname="easemytripHoteltestrunner.MainHotelRunner"/>
  <testcase name="selectTitle" time="0.216" classname="easemytripHoteltestrunner.MainHotelRunner"/>
  <testcase name="enterdetails" time="1.053" classname="easemytripHoteltestrunner.MainHotelRunner"/>
  <testcase name="enterdetails" time="1.067" classname="easemytripHoteltestrunner.MainHotelRunner"/>
  <testcase name="enterdetails" time="1.080" classname="easemytripHoteltestrunner.MainHotelRunner"/>
  <testcase name="enterdetails" time="0.954" classname="easemytripHoteltestrunner.MainHotelRunner"/>
  <testcase name="enterdetails" time="1.158" classname="easemytripHoteltestrunner.MainHotelRunner"/>
  <testcase name="enterdetails" time="1.695" classname="easemytripHoteltestrunner.MainHotelRunner"/>
  <testcase name="enterdetails" time="0.984" classname="easemytripHoteltestrunner.MainHotelRunner"/>
</testsuite> <!-- easemytripHoteltestrunner.MainHotelRunner -->
