<?xml version="1.0" encoding="UTF-8"?>
<!-- Generated by org.testng.reporters.JUnitReportReporter -->
<testsuite skipped="0" hostname="DESKTOP-DT1HFES" name="com.easemytrip.runner.MainHotelRunner" tests="19" failures="0" timestamp="12 Aug 2020 06:56:46 GMT" time="73.059" errors="0">
  <testcase name="SearchHotels" time="14.230" classname="com.easemytrip.runner.MainHotelRunner"/>
  <testcase name="SearchHotels" time="18.817" classname="com.easemytrip.runner.MainHotelRunner"/>
  <testcase name="clickeasybtn" time="0.230" classname="com.easemytrip.runner.MainHotelRunner"/>
  <testcase name="clickluxeasybtn" time="2.172" classname="com.easemytrip.runner.MainHotelRunner"/>
  <testcase name="clickbrowseall" time="4.176" classname="com.easemytrip.runner.MainHotelRunner"/>
  <testcase name="chcktripadvisor" time="8.489" classname="com.easemytrip.runner.MainHotelRunner"/>
  <testcase name="chckamenities" time="6.203" classname="com.easemytrip.runner.MainHotelRunner"/>
  <testcase name="listpagebooknow" time="0.268" classname="com.easemytrip.runner.MainHotelRunner"/>
  <testcase name="clickonshowallamenities" time="2.149" classname="com.easemytrip.runner.MainHotelRunner"/>
  <testcase name="scrolltoreviews" time="3.023" classname="com.easemytrip.runner.MainHotelRunner"/>
  <testcase name="clickonbooknow" time="5.666" classname="com.easemytrip.runner.MainHotelRunner"/>
  <testcase name="selectTitle" time="0.093" classname="com.easemytrip.runner.MainHotelRunner"/>
  <testcase name="enterdetails" time="0.965" classname="com.easemytrip.runner.MainHotelRunner"/>
  <testcase name="enterdetails" time="0.951" classname="com.easemytrip.runner.MainHotelRunner"/>
  <testcase name="enterdetails" time="1.032" classname="com.easemytrip.runner.MainHotelRunner"/>
  <testcase name="enterdetails" time="1.097" classname="com.easemytrip.runner.MainHotelRunner"/>
  <testcase name="enterdetails" time="0.969" classname="com.easemytrip.runner.MainHotelRunner"/>
  <testcase name="enterdetails" time="1.093" classname="com.easemytrip.runner.MainHotelRunner"/>
  <testcase name="enterdetails" time="1.436" classname="com.easemytrip.runner.MainHotelRunner"/>
</testsuite> <!-- com.easemytrip.runner.MainHotelRunner -->
