<?xml version="1.0" encoding="UTF-8"?>
<!-- Generated by org.testng.reporters.JUnitReportReporter -->
<testsuite skipped="0" hostname="DESKTOP-DT1HFES" name="com.easemytrip.homePage.demo" tests="1" failures="0" timestamp="06 Aug 2020 20:41:46 GMT" time="35.956" errors="0">
  <testcase name="f" time="35.956" classname="com.easemytrip.homePage.demo"/>
</testsuite> <!-- com.easemytrip.homePage.demo -->
