<?xml version="1.0" encoding="UTF-8"?>
<!-- Generated by org.testng.reporters.JUnitReportReporter -->
<testsuite skipped="0" hostname="DESKTOP-DT1HFES" name="com.easemytrip.multicity.MultiCityRunner" tests="2" failures="0" timestamp="11 Aug 2020 12:21:02 GMT" time="32.844" errors="0">
  <testcase name="homePageTest" time="3.206" classname="com.easemytrip.multicity.MultiCityRunner"/>
  <testcase name="addCityClickTest" time="29.638" classname="com.easemytrip.multicity.MultiCityRunner"/>
</testsuite> <!-- com.easemytrip.multicity.MultiCityRunner -->
